{"instance_id": "3598663953597666", "repo": "sdss/clu", "base_commit": "cfbacc675aed297b80d3888ee49fe373ad87840b", "problem_statement": "Add type hints:\\nSome stubs already exist in `archon`.", "FAIL_TO_PASS": ["tests/test_command.py::test_status_callback"], "PASS_TO_PASS": ["tests/test_model.py::test_schema_no_type", "tests/test_tools.py::TestStatusMixIn::test_callback_tuple", "tests/test_command.py::test_set_status_str_fails", "tests/test_tools.py::test_callback_none", "tests/test_command.py::test_set_status", "tests/test_tools.py::TestStatusMixIn::test_no_callback", "tests/test_client.py::test_client_file_log", "tests/test_command.py::test_set_status_str", "tests/test_tools.py::test_format_value['A", "tests/test_command.py::test_write_dict", "tests/test_client.py::test_client_config_extra_kwarg[client]", "tests/test_tools.py::test_format_value[True-T]", "tests/test_command.py::test_set_status_int", "tests/test_command.py::test_write_bad_message", "tests/test_tools.py::TestCommandStatus::test_code_to_status[e-CommandStatus.FAILED]", "tests/test_protocol.py::test_periodic_server", "tests/test_tools.py::test_format_value[\"A", "tests/test_amqp.py::TestHandleReply::test_reply_no_sender[log1]", "tests/test_tools.py::TestCommandStatus::test_command_status_active", "tests/test_amqp.py::TestHandleReply::test_reply_no_sender[False]", "tests/test_tools.py::test_format_value[A", "tests/test_exceptions.py::test_clu_not_implemented", "tests/test_tools.py::TestStatusMixIn::test_wait_for_status_same", "tests/test_tools.py::TestStatusMixIn::test_callback", "tests/test_tools.py::TestCommandStatus::test_code_to_status[:-CommandStatus.DONE]", "tests/test_tools.py::test_format_value[value8-1,2,\"A", "tests/test_tools.py::TestStatusMixIn::test_callback_list", "tests/legacy/test_tron.py::test_tron_no_models", "tests/test_tools.py::TestCommandStatus::test_command_status_failing", "tests/test_amqp.py::TestHandleReply::test_reply_no_message_code[log1]", "tests/test_command.py::test_command", "tests/test_tools.py::TestCommandStatus::test_command_status_did_fail", "tests/test_model.py::test_schema_bad_type", "tests/test_client.py::test_client_file_log_bad_path", "tests/test_tools.py::TestCommandStatus::test_command_status_done", "tests/test_client.py::test_client_stop", "tests/test_tools.py::TestStatusMixIn::test_wait_for_status", "tests/test_client.py::test_client_config_extra_kwarg_varkw", "tests/test_tools.py::TestStatusMixIn::test_callback_call_now", "tests/test_tools.py::test_format_value[string-string]", "tests/test_command.py::test_child_command", "tests/test_command.py::test_set_done_command", "tests/test_command.py::test_write_no_actor", "tests/test_tools.py::TestCommandStatus::test_is_combination", "tests/test_client.py::test_client", "tests/test_command.py::test_write_str", "tests/test_tools.py::TestCommandStatus::test_command_status_succeeded", "tests/test_model.py::test_model_fails", "tests/test_tools.py::TestCommandStatus::test_code_to_status[!-CommandStatus.FAILED]", "tests/test_tools.py::TestCommandStatus::test_code_to_status[f-CommandStatus.FAILED]", "tests/test_tools.py::test_format_value[False-F]", "tests/test_command.py::test_child_command_write", "tests/test_model.py::test_schema_no_properties", "tests/test_model.py::test_schema_validation_fails", "tests/test_command.py::test_set_status_fails", "tests/test_client.py::test_client_config_extra_kwarg[actor]", "tests/test_command.py::test_wait_for_status", "tests/test_tools.py::TestCommandStatus::test_code_to_status[>-CommandStatus.RUNNING]", "tests/legacy/test_actor.py::test_actor_no_tron", "tests/test_client.py::test_client_config", "tests/test_tools.py::test_format_value[\"string\"-\"string\"]", "tests/test_tools.py::test_format_value[5-5]", "tests/test_amqp.py::TestHandleReply::test_reply_no_message_code[False]"], "language": "python", "test_command": "source /saved/ENV || source /saved/*/ENV && pytest --no-header -rA --tb=no -p no:cacheprovider --continue-on-collection-errors", "test_output_parser": "python/parse_log_pytest_v3", "image_storage_uri": "vmvm-registry.fbinfra.net/repomate_image_activ_pytest/sdss_clu:cfbacc675aed297b80d3888ee49fe373ad87840b", "patch": "", "test_patch": "", "hints_text": ""}
