{"instance_id": "744183881951210", "repo": "ambitus/pyracf", "base_commit": "d873cdaf989be36e447225ff18d309019c51d7d5", "problem_statement": "Bug Report: Secrets redaction code causes result XML that contains secrets to be truncated:\\n**Describe the bug**\\r\\nSecrets redaction logic causes result XML to be truncated. This bug affects pyRACF version 1.0a2.\\r\\n\\r\\n```console\\r\\n\\r\\n                                 [pyRACF:Debug]\\r\\n                                   Result XML\\r\\n                            UserAdmin.set_password()\\r\\n\\r\\n\\r\\n<?xml version=\"1.0\" encoding=\"IBM-1047\"?>\\r\\n<securityresult xmlns=\"http://www.ibm.com/systems/zos/saf/IRRSMO00Result1\">\\r\\n  <user name=\"SQUIDWRD\" operation=\"set\" requestid=\"UserRequest\">\\r\\n    <info>Definition exists. Add command skipped due  to precheck option</info>\\r\\n    <command>\\r\\n      <safreturncode>0</safreturncode>\\r\\n      <returncode>0</returncode>\\r\\n      <reasoncode>0</reasoncode>\\r\\n      <image>\\r\\n\\r\\nTraceback (most recent call last):\\r\\n  File \"/usr/lpp/IBM/cyp/v3r11/pyz/lib/python3.11/xml/etree/ElementTree.py\", line 1716, in close\\r\\n    self.parser.Parse(b\"\", True) # end of data\\r\\n    ^^^^^^^^^^^^^^^^^^^^^^^^^^^^\\r\\nxml.parsers.expat.ExpatError: no element found: line 1, column 394\\r\\n\\r\\nDuring handling of the above exception, another exception occurred:\\r\\n\\r\\nTraceback (most recent call last):\\r\\n  File \"<stdin>\", line 1, in <module>\\r\\n  File \"/u/<userid>/.local/lib/python3.11/site-packages/pyracf/user/user_admin.py\", line 288, in set_password\\r\\n    result = self.alter(userid, traits={\"base:password\": password})\\r\\n             ^^^^^^^^^^^^^^^^^^^^^^^^^^^^^^^^^^^^^^^^^^^^^^^^^^^^^^\\r\\n  File \"/u/<userid>/.local/lib/python3.11/site-packages/pyracf/user/user_admin.py\", line 410, in alter\\r\\n    return self._make_request(user_request, irrsmo00_precheck=True)\\r\\n           ^^^^^^^^^^^^^^^^^^^^^^^^^^^^^^^^^^^^^^^^^^^^^^^^^^^^^^^^\\r\\n  File \"/u/<userid>/.local/lib/python3.11/site-packages/pyracf/common/security_admin.py\", line 174, in _make_request\\r\\n    results = SecurityResult(result_xml)\\r\\n              ^^^^^^^^^^^^^^^^^^^^^^^^^^\\r\\n  File \"/u/<userid>/.local/lib/python3.11/site-packages/pyracf/common/security_result.py\", line 12, in __init__\\r\\n    self.__result = XMLParser.fromstring(result_xml)\\r\\n                    ^^^^^^^^^^^^^^^^^^^^^^^^^^^^^^^^\\r\\n  File \"/u/<userid>/.local/lib/python3.11/site-packages/defusedxml/common.py\", line 127, in fromstring\\r\\n    return parser.close()\\r\\n           ^^^^^^^^^^^^^^\\r\\n  File \"/usr/lpp/IBM/cyp/v3r11/pyz/lib/python3.11/xml/etree/ElementTree.py\", line 1718, in close\\r\\n    self._raiseerror(v)\\r\\n  File \"/usr/lpp/IBM/cyp/v3r11/pyz/lib/python3.11/xml/etree/ElementTree.py\", line 1618, in _raiseerror\\r\\n    raise err\\r\\n\\r\\n```\\r\\n\\r\\n**To Reproduce**\\r\\nSteps to reproduce the behavior:\\r\\n\\r\\n```python\\r\\nfrom pyracf import UserAdmin\\r\\nuser_admin = UserAdmin()\\r\\nuser_admin.set_password(\"userid\", \"password\")\\r\\n```\\r\\n\\r\\n**Expected behavior**\\r\\nA description of what you expected to happen.\\r\\n\\r\\nResult XML should not be truncated when secrets are redacted. Secrets redaction should complete successfully with no issues.\\r\\n\\r\\n**Console Output**\\r\\n```console\\r\\n\\r\\n                                 [pyRACF:Debug]\\r\\n                               Result Dictionary\\r\\n                            UserAdmin.set_password()\\r\\n\\r\\n\\r\\n{\\r\\n  \"securityResult\": {\\r\\n    \"user\": {\\r\\n      \"name\": \"SQUIDWRD\",\\r\\n      \"operation\": \"set\",\\r\\n      \"requestId\": \"UserRequest\",\\r\\n      \"info\": [\\r\\n        \"Definition exists. Add command skipped due  to precheck option\"\\r\\n      ],\\r\\n      \"commands\": [\\r\\n        {\\r\\n          \"safReturnCode\": 0,\\r\\n          \"returnCode\": 0,\\r\\n          \"reasonCode\": 0,\\r\\n          \"image\": \"ALTUSER SQUIDWRD  PASSWORD    (********)\"\\r\\n        }\\r\\n      ]\\r\\n    },\\r\\n    \"returnCode\": 0,\\r\\n    \"reasonCode\": 0\\r\\n  }\\r\\n}\\r\\n\\r\\n{'step1': {'securityResult': {'user': {'name': 'SQUIDWRD', 'operation': 'set', 'requestId': 'UserRequest', 'info': ['Definition exists. Add command skipped due  to precheck option'], 'commands': [{'safReturnCode': 0, 'returnCode': 0, 'reasonCode': 0, 'image': 'ALTUSER SQUIDWRD  PASSWORD    (********)'}]}, 'returnCode': 0, 'reasonCode': 0}}}\\r\\n```\\r\\n\\r\\n**Environment Information:**\\r\\n - z/OS Version: 2.4\\r\\n - Python Version: 3.11.0\\r\\n - is R_SecMgtOper _(IRRSMO00)_ setup? Yes\\r\\n\\r\\n**Additional context**\\r\\n\\r\\nThis bug can be fixed by changing the following line in the `redact_result_xml` function in `common/logger.py` as follows.\\r\\n\\r\\nCode that is causing bug:\\r\\n```python\\r\\n            xml_string = self.__redact_string(xml_string, match.end(), \") \")\\r\\n```\\r\\n\\r\\nFixed code *(remove the space from the last argument)*:\\r\\n```python\\r\\n            xml_string = self.__redact_string(xml_string, match.end(), \")\")\\r\\n```\\r\\n\\nEnhancement: Use poetry build backend instead of setuptools:\\n**Is your feature request related to a problem? Please describe.**\\r\\nSetuptools does not give us the ability to publish packages to a pypi repository. Twine could be used to fill the gap, but it no longer works on z/OS because one of it's dependencies has a dependency on Rust, which is unsupported on z/OS.\\r\\n\\r\\n**Describe the solution you'd like**\\r\\nSwitch to the poetry build backend.\\r\\n* Use `poetry install --no-root` to install runtime/development dependencies.\\r\\n* Use `poetry build` to build wheel and source tar.\\r\\n* Use `poetry publish` to upload wheels to a pypi repository.\\r\\n* IRRSMO00 Python extension can be built using poetry.\\r\\n* After installing development dependencies with poetry, they can all be invoked using `poetry run <tool> <tool-args>`\\r\\n* Poetry provides a built-in virtual environment that enables environments for multiple Python versions to be built and used.\\r\\n\\r\\n**Describe alternatives you've considered**\\r\\nTwine did work for us until one of it's dependencies was updated to use Rust, which is not supported on z/OS.\\r\\n\\r\\n**Additional context**\\r\\nThe Poetry build backend should resolve all of our current build problems with the exception of pandas not working on z/OS, which will need to be addressed separately in order to integrate the reporting functionality from https://github.com/wizardofzos/pyracf\\r\\n\\r\\nNote that pip doesn't have any support for configuring the repository source for packages and that the standard is for the user to specify the repository to use. This is almost certainly enforced for good reason, since it is probably bad security practice to allow the package metadata to specify the repository source, but it leaves pyRACF with a dependency resolution problem. Some packages will be able to be installed directly from pypi and some will need to be installed from somewhere else *(i.e., Python AI Toolkit for z/OS)*, which makes the installation procedure for pyRACF unnecessarily difficult. Regardless, a separate discussion will need to be had to discuss how to approach this particular problem.\\r\\n\\nBuild Infrastructure: Poetry cannot install as a result of msgpack dependency being unable to build:\\n**Describe the bug**\\r\\n`msgpack` which is part of the dependency chain for `poetry` can not install on internal build system as a result of `xlclang` not being configured correctly.\\r\\n\\r\\n**To Reproduce**\\r\\nSteps to reproduce the behavior:\\r\\n\\r\\n```python\\r\\npython3 -m pip install msgpack==1.0.7\\r\\n```\\r\\n\\r\\n**Expected behavior**\\r\\nA description of what you expected to happen.\\r\\n\\r\\nLatest version of `msgpack` should install with no issues.\\r\\n", "FAIL_TO_PASS": ["tests.user.test_user_setters.TestUserSetters.test_user_admin_build_set_passphrase_delete_request.test_user_admin_build_set_passphrase_delete_request", "tests.user.test_user_debug_logging.TestUserDebugLogging.test_add_user_request_debug_log_works_on_success.test_add_user_request_debug_log_works_on_success", "tests.common.test_logger.TestLogger.test_logger_can_redact_secrets_from_result_xml.test_logger_can_redact_secrets_from_result_xml", "tests.user.test_user_debug_logging.TestUserDebugLogging.test_add_user_request_debug_log_additional_secret_added_get_redacted_on_error.test_add_user_request_debug_log_additional_secret_added_get_redacted_on_error", "tests.user.test_user_request_builder.TestUserRequestBuilder.test_user_admin_build_add_user_request_password_redacted.test_user_admin_build_add_user_request_password_redacted", "tests.user.test_user_request_builder.TestUserRequestBuilder.test_user_admin_build_add_user_request.test_user_admin_build_add_user_request", "tests.user.test_user_request_builder.TestUserRequestBuilder.test_user_admin_build_add_user_base_omvs_tso_revoke_resume_request.test_user_admin_build_add_user_base_omvs_tso_revoke_resume_request", "tests.user.test_user_result_parser.TestUserResultParser.test_user_admin_can_parse_extract_user_and_ignore_command_audit_trail_xml.test_user_admin_can_parse_extract_user_and_ignore_command_audit_trail_xml", "tests.user.test_user_setters.TestUserSetters.test_user_admin_build_set_password_delete_request.test_user_admin_build_set_password_delete_request", "tests.user.test_user_debug_logging.TestUserDebugLogging.test_add_user_request_debug_log_passwords_get_redacted_on_success.test_add_user_request_debug_log_passwords_get_redacted_on_success", "tests.user.test_user_request_builder.TestUserRequestBuilder.test_user_admin_build_alter_user_request.test_user_admin_build_alter_user_request", "tests.user.test_user_debug_logging.TestUserDebugLogging.test_add_user_request_debug_log_passphrases_and_passwords_get_redacted_on_success.test_add_user_request_debug_log_passphrases_and_passwords_get_redacted_on_success", "tests.user.test_user_request_builder.TestUserRequestBuilder.test_user_admin_build_add_user_request_passphrase_and_password_redacted.test_user_admin_build_add_user_request_passphrase_and_password_redacted", "tests.user.test_user_debug_logging.TestUserDebugLogging.test_add_user_request_debug_log_passphrases_get_redacted_on_error.test_add_user_request_debug_log_passphrases_get_redacted_on_error", "tests.user.test_user_request_builder.TestUserRequestBuilder.test_user_admin_build_add_user_request_passphrase_redacted.test_user_admin_build_add_user_request_passphrase_redacted", "tests.user.test_user_debug_logging.TestUserDebugLogging.test_add_user_request_debug_log_additional_secret_added_get_redacted_on_success.test_add_user_request_debug_log_additional_secret_added_get_redacted_on_success", "tests.user.test_user_debug_logging.TestUserDebugLogging.test_add_user_request_debug_log_password_xml_tags_not_redacted_on_error.test_add_user_request_debug_log_password_xml_tags_not_redacted_on_error", "tests.user.test_user_debug_logging.TestUserDebugLogging.test_add_user_request_debug_log_password_xml_tags_not_redacted_on_success.test_add_user_request_debug_log_password_xml_tags_not_redacted_on_success", "tests.user.test_user_debug_logging.TestUserDebugLogging.test_add_user_request_debug_log_works_on_error.test_add_user_request_debug_log_works_on_error", "tests.user.test_user_debug_logging.TestUserDebugLogging.test_extract_user_base_omvs_request_debug_log_works_on_success.test_extract_user_base_omvs_request_debug_log_works_on_success", "tests.user.test_user_result_parser.TestUserResultParser.test_user_admin_can_parse_extract_user_base_omvs_success_xml.test_user_admin_can_parse_extract_user_base_omvs_success_xml", "tests.user.test_user_debug_logging.TestUserDebugLogging.test_add_user_request_debug_log_passwords_get_redacted_on_error.test_add_user_request_debug_log_passwords_get_redacted_on_error", "tests.user.test_user_debug_logging.TestUserDebugLogging.test_add_user_request_debug_log_passphrases_get_redacted_on_success.test_add_user_request_debug_log_passphrases_get_redacted_on_success", "tests.user.test_user_result_parser.TestUserResultParser.test_user_admin_can_parse_extract_user_base_omvs_csdata_success_xml.test_user_admin_can_parse_extract_user_base_omvs_csdata_success_xml", "tests.user.test_user_result_parser.TestUserResultParser.test_user_admin_can_parse_extract_user_base_omvs_tso_revoke_resume_success_xml.test_user_admin_can_parse_extract_user_base_omvs_tso_revoke_resume_success_xml", "tests.user.test_user_debug_logging.TestUserDebugLogging.test_add_user_request_debug_log_passphrases_and_passwords_get_redacted_on_error.test_add_user_request_debug_log_passphrases_and_passwords_get_redacted_on_error", "tests.user.test_user_request_builder.TestUserRequestBuilder.test_user_admin_build_alter_request_update_existing_segment_traits.test_user_admin_build_alter_request_update_existing_segment_traits"], "PASS_TO_PASS": ["tests.user.test_user_getters.TestUserGetters.test_user_admin_has_special_authority_returns_true_when_attribute_exists.test_user_admin_has_special_authority_returns_true_when_attribute_exists", "tests.connection.test_connection_result_parser.TestConnectionResultParser.test_connection_admin_can_parse_alter_connection_success_xml.test_connection_admin_can_parse_alter_connection_success_xml", "tests.setropts.test_setropts_result_parser.TestSetroptsResultParser.test_setropts_admin_can_parse_list_setropts_success_xml.test_setropts_admin_can_parse_list_setropts_success_xml", "tests.resource.test_resource_debug_logging.TestResourceDebugLogging.test_extract_resource_base_request_debug_log_works_on_success.test_extract_resource_base_request_debug_log_works_on_success", "tests.setropts.test_setropts_setters.TestSetroptsSetters.test_setropts_admin_build_remove_generic_profile_checking_class_request.test_setropts_admin_build_remove_generic_profile_checking_class_request", "tests.data_set.test_data_set_result_parser.TestDataSetResultParser.test_data_set_admin_can_parse_alter_data_set_success_xml.test_data_set_admin_can_parse_alter_data_set_success_xml", "tests.access.test_access_request_builder.TestAccessRequestBuilder.test_access_admin_build_delete_access_request.test_access_admin_build_delete_access_request", "tests.resource.test_resource_result_parser.TestResourceResultParser.test_resource_admin_can_parse_extract_resource_multi_base_success_xml.test_resource_admin_can_parse_extract_resource_multi_base_success_xml", "tests.resource.test_resource_request_builder.TestResourceRequestBuilder.test_resource_admin_build_extract_resource_request_base.test_resource_admin_build_extract_resource_request_base", "tests.user.test_user_request_builder.TestUserRequestBuilder.test_user_admin_build_extract_user_request_base_omvs.test_user_admin_build_extract_user_request_base_omvs", "tests.user.test_user_result_parser.TestUserResultParser.test_user_admin_passphrase_and_password_redacted_add_user_error_xml.test_user_admin_passphrase_and_password_redacted_add_user_error_xml", "tests.user.test_user_getters.TestUserGetters.test_user_admin_get_class_authorizations_returns_empty_list_when_no_class_authorizations.test_user_admin_get_class_authorizations_returns_empty_list_when_no_class_authorizations", "tests.user.test_user_getters.TestUserGetters.test_user_admin_has_auditor_authority_returns_true_when_attribute_exists.test_user_admin_has_auditor_authority_returns_true_when_attribute_exists", "tests.group.test_group_debug_logging.TestGroupDebugLogging.test_add_group_request_debug_log_works_on_error.test_add_group_request_debug_log_works_on_error", "tests.user.test_user_result_parser.TestUserResultParser.test_user_admin_can_parse_add_user_success_xml.test_user_admin_can_parse_add_user_success_xml", "tests.group.test_group_debug_logging.TestGroupDebugLogging.test_extract_group_base_omvs_request_debug_log_works_on_error.test_extract_group_base_omvs_request_debug_log_works_on_error", "tests.group.test_group_result_parser.TestGroupResultParser.test_group_admin_can_parse_extract_group_base_omvs_success_xml.test_group_admin_can_parse_extract_group_base_omvs_success_xml", "tests.resource.test_resource_getters.TestResourceGetters.test_resource_admin_get_my_access_returns_valid_when_read.test_resource_admin_get_my_access_returns_valid_when_read", "tests.data_set.test_data_set_result_parser.TestDataSetResultParser.test_data_set_admin_can_parse_delete_data_set_error_xml.test_data_set_admin_can_parse_delete_data_set_error_xml", "tests.setropts.test_setropts_request_builder.TestSetroptsRequestBuilder.test_setropts_admin_build_list_setropts_request.test_setropts_admin_build_list_setropts_request", "tests.setropts.test_setropts_setters.TestSetroptsSetters.test_setropts_admin_build_remove_raclist_class_request.test_setropts_admin_build_remove_raclist_class_request", "tests.resource.test_resource_getters.TestResourceGetters.test_resource_admin_get_universal_access_raises_an_exception_when_extract_fails.test_resource_admin_get_universal_access_raises_an_exception_when_extract_fails", "tests.group.test_group_getters.TestGroupGetters.test_group_admin_get_omvs_gid_returns_none_when_no_omvs_segment_exists.test_group_admin_get_omvs_gid_returns_none_when_no_omvs_segment_exists", "tests.user.test_user_setters.TestUserSetters.test_user_admin_build_give_auditor_authority_request.test_user_admin_build_give_auditor_authority_request", "tests.resource.test_resource_getters.TestResourceGetters.test_resource_admin_get_universal_access_returns_valid_when_read.test_resource_admin_get_universal_access_returns_valid_when_read", "tests.access.test_access_debug_logging.TestAccessDebugLogging.test_add_access_request_debug_log_works_on_error.test_add_access_request_debug_log_works_on_error", "tests.user.test_user_getters.TestUserGetters.test_user_admin_has_special_authority_returns_false_when_attribute_does_not_exist.test_user_admin_has_special_authority_returns_false_when_attribute_does_not_exist", "tests.setropts.test_setropts_setters.TestSetroptsSetters.test_setropts_admin_build_add_audit_class_request.test_setropts_admin_build_add_audit_class_request", "tests.data_set.test_data_set_getters.TestDataSetGetters.test_data_set_admin_get_my_access_returns_valid_when_alter.test_data_set_admin_get_my_access_returns_valid_when_alter", "tests.user.test_user_setters.TestUserSetters.test_user_admin_build_set_omvs_uid_request.test_user_admin_build_set_omvs_uid_request", "tests.access.test_access_result_parser.TestAccessResultParser.test_access_admin_can_parse_delete_access_success_xml.test_access_admin_can_parse_delete_access_success_xml", "tests.access.test_access_debug_logging.TestAccessDebugLogging.test_add_access_request_debug_log_works_on_success.test_add_access_request_debug_log_works_on_success", "tests.user.test_user_getters.TestUserGetters.test_user_admin_get_class_authorizations_returns_the_class_authorizations_list.test_user_admin_get_class_authorizations_returns_the_class_authorizations_list", "tests.group.test_group_getters.TestGroupGetters.test_group_admin_has_group_operations_authority_raises_an_exception_when_extract_fails.test_group_admin_has_group_operations_authority_raises_an_exception_when_extract_fails", "tests.group.test_group_getters.TestGroupGetters.test_group_admin_get_ovm_gid_returns_none_when_no_ovm_segment_exists.test_group_admin_get_ovm_gid_returns_none_when_no_ovm_segment_exists", "tests.setropts.test_setropts_setters.TestSetroptsSetters.test_setropts_admin_build_remove_active_class_request.test_setropts_admin_build_remove_active_class_request", "tests.user.test_user_result_parser.TestUserResultParser.test_user_admin_can_parse_delete_user_error_xml.test_user_admin_can_parse_delete_user_error_xml", "tests.group.test_group_setters.TestGroupSetters.test_group_admin_build_set_ovm_gid_request.test_group_admin_build_set_ovm_gid_request", "tests.user.test_user_getters.TestUserGetters.test_user_admin_get_class_authorizations_raises_an_exception_when_extract_fails.test_user_admin_get_class_authorizations_raises_an_exception_when_extract_fails", "tests.group.test_group_getters.TestGroupGetters.test_group_admin_has_group_auditor_authority_raises_an_exception_when_extract_fails.test_group_admin_has_group_auditor_authority_raises_an_exception_when_extract_fails", "tests.user.test_user_getters.TestUserGetters.test_user_admin_get_omvs_uid_works.test_user_admin_get_omvs_uid_works", "tests.connection.test_connection_result_parser.TestConnectionResultParser.test_connection_admin_can_parse_alter_connection_error_xml.test_connection_admin_can_parse_alter_connection_error_xml", "tests.setropts.test_setropts_setters.TestSetroptsSetters.test_setropts_admin_build_add_statistics_class_request.test_setropts_admin_build_add_statistics_class_request", "tests.user.test_user_getters.TestUserGetters.test_user_admin_has_auditor_authority_returns_false_when_attribute_does_not_exist.test_user_admin_has_auditor_authority_returns_false_when_attribute_does_not_exist", "tests.connection.test_connection_result_parser.TestConnectionResultParser.test_connection_admin_can_parse_delete_connection_error_xml.test_connection_admin_can_parse_delete_connection_error_xml", "tests.data_set.test_data_set_request_builder.TestDataSetRequestBuilder.test_data_set_admin_build_add_data_set_request.test_data_set_admin_build_add_data_set_request", "tests.setropts.test_setropts_debug_logging.TestSetroptsDebugLogging.test_alter_setropts_request_debug_log_works_on_success.test_alter_setropts_request_debug_log_works_on_success", "tests.access.test_access_result_parser.TestAccessResultParser.test_access_admin_can_parse_add_access_success_xml.test_access_admin_can_parse_add_access_success_xml", "tests.group.test_group_getters.TestGroupGetters.test_group_admin_get_ovm_gid_raises_an_exception_when_extract_fails.test_group_admin_get_ovm_gid_raises_an_exception_when_extract_fails", "tests.connection.test_connection_setters.TestConnectionSetters.test_connection_admin_build_give_group_auditor_authority_request.test_connection_admin_build_give_group_auditor_authority_request", "tests.data_set.test_data_set_result_parser.TestDataSetResultParser.test_data_set_admin_can_parse_extract_data_set_generic_base_success_xml.test_data_set_admin_can_parse_extract_data_set_generic_base_success_xml", "tests.resource.test_resource_result_parser.TestResourceResultParser.test_resource_admin_can_parse_alter_resource_error_xml.test_resource_admin_can_parse_alter_resource_error_xml", "tests.user.test_user_setters.TestUserSetters.test_user_admin_build_add_class_authorizations_multiple_classes_request.test_user_admin_build_add_class_authorizations_multiple_classes_request", "tests.resource.test_resource_result_parser.TestResourceResultParser.test_resource_admin_can_parse_add_resource_error_xml.test_resource_admin_can_parse_add_resource_error_xml", "tests.resource.test_resource_result_parser.TestResourceResultParser.test_resource_admin_can_parse_add_resource_success_xml.test_resource_admin_can_parse_add_resource_success_xml", "tests.setropts.test_setropts_setters.TestSetroptsSetters.test_setropts_admin_build_remove_generic_profile_sharing_class_request.test_setropts_admin_build_remove_generic_profile_sharing_class_request", "tests.access.test_access_request_builder.TestAccessRequestBuilder.test_access_admin_build_alter_access_request.test_access_admin_build_alter_access_request", "tests.user.test_user_getters.TestUserGetters.test_user_admin_has_operations_authority_raises_an_exception_when_extract_fails.test_user_admin_has_operations_authority_raises_an_exception_when_extract_fails", "tests.resource.test_resource_getters.TestResourceGetters.test_resource_admin_get_my_access_raises_an_exception_when_extract_fails.test_resource_admin_get_my_access_raises_an_exception_when_extract_fails", "tests.user.test_user_result_parser.TestUserResultParser.test_user_admin_password_message_not_redacted_add_user_error_xml.test_user_admin_password_message_not_redacted_add_user_error_xml", "tests.data_set.test_data_set_request_builder.TestDataSetRequestBuilder.test_data_set_admin_build_add_data_set_request_generic.test_data_set_admin_build_add_data_set_request_generic", "tests.setropts.test_setropts_debug_logging.TestSetroptsDebugLogging.test_list_racf_options_request_debug_log_works_on_success_2.test_list_racf_options_request_debug_log_works_on_success_2", "tests.resource.test_resource_result_parser.TestResourceResultParser.test_resource_admin_can_parse_delete_resource_error_xml.test_resource_admin_can_parse_delete_resource_error_xml", "tests.data_set.test_data_set_getters.TestDataSetGetters.test_data_set_admin_get_universal_access_returns_valid_when_none.test_data_set_admin_get_universal_access_returns_valid_when_none", "tests.group.test_group_getters.TestGroupGetters.test_group_admin_has_group_special_authority_returns_false_when_not_group_special.test_group_admin_has_group_special_authority_returns_false_when_not_group_special", "tests.group.test_group_getters.TestGroupGetters.test_group_admin_get_ovm_gid_works.test_group_admin_get_ovm_gid_works", "tests.group.test_group_getters.TestGroupGetters.test_group_admin_has_group_access_attribute_returns_true_when_grpacc.test_group_admin_has_group_access_attribute_returns_true_when_grpacc", "tests.user.test_user_result_parser.TestUserResultParser.test_user_admin_can_parse_delete_user_success_xml.test_user_admin_can_parse_delete_user_success_xml", "tests.group.test_group_setters.TestGroupSetters.test_group_admin_build_set_omvs_gid_request.test_group_admin_build_set_omvs_gid_request", "tests.group.test_group_request_builder.TestGroupRequestBuilder.test_group_admin_build_add_group_request.test_group_admin_build_add_group_request", "tests.user.test_user_setters.TestUserSetters.test_user_admin_build_set_passphrase_request.test_user_admin_build_set_passphrase_request", "tests.user.test_user_result_parser.TestUserResultParser.test_user_admin_password_redacted_add_user_success_xml.test_user_admin_password_redacted_add_user_success_xml", "tests.setropts.test_setropts_getters.TestSetroptsGetters.test_setropts_admin_get_password_rules.test_setropts_admin_get_password_rules", "tests.setropts.test_setropts_setters.TestSetroptsSetters.test_setropts_admin_build_add_generic_profile_checking_class_request.test_setropts_admin_build_add_generic_profile_checking_class_request", "tests.setropts.test_setropts_setters.TestSetroptsSetters.test_setropts_admin_build_add_generic_command_processing_class_request.test_setropts_admin_build_add_generic_command_processing_class_request", "tests.connection.test_connection_debug_logging.TestConnectionDebugLogging.test_add_connection_request_debug_log_works_on_success.test_add_connection_request_debug_log_works_on_success", "tests.group.test_group_result_parser.TestGroupResultParser.test_group_admin_can_parse_delete_group_error_xml.test_group_admin_can_parse_delete_group_error_xml", "tests.group.test_group_getters.TestGroupGetters.test_group_admin_get_omvs_gid_works.test_group_admin_get_omvs_gid_works", "tests.user.test_user_setters.TestUserSetters.test_user_admin_build_give_special_authority_request.test_user_admin_build_give_special_authority_request", "tests.user.test_user_result_parser.TestUserResultParser.test_user_admin_password_redacted_add_user_error_xml.test_user_admin_password_redacted_add_user_error_xml", "tests.setropts.test_setropts_result_parser.TestSetroptsResultParser.test_setropts_admin_can_parse_list_setropts_error_xml.test_setropts_admin_can_parse_list_setropts_error_xml", "tests.resource.test_resource_result_parser.TestResourceResultParser.test_resource_admin_can_parse_delete_resource_success_xml.test_resource_admin_can_parse_delete_resource_success_xml", "tests.resource.test_resource_getters.TestResourceGetters.test_resource_admin_get_my_access_returns_valid_when_none.test_resource_admin_get_my_access_returns_valid_when_none", "tests.user.test_user_result_parser.TestUserResultParser.test_user_admin_can_parse_add_user_error_xml.test_user_admin_can_parse_add_user_error_xml", "tests.user.test_user_getters.TestUserGetters.test_user_admin_has_auditory_authority_raises_an_exception_when_extract_fails.test_user_admin_has_auditory_authority_raises_an_exception_when_extract_fails", "tests.user.test_user_result_parser.TestUserResultParser.test_user_admin_passphrase_and_password_redacted_add_user_success_xml.test_user_admin_passphrase_and_password_redacted_add_user_success_xml", "tests.connection.test_connection_setters.TestConnectionSetters.test_connection_admin_build_take_away_group_operations_authority_request.test_connection_admin_build_take_away_group_operations_authority_request", "tests.group.test_group_getters.TestGroupGetters.test_group_admin_has_group_special_authority_raises_an_exception_when_extract_fails.test_group_admin_has_group_special_authority_raises_an_exception_when_extract_fails", "tests.user.test_user_setters.TestUserSetters.test_user_admin_build_remove_special_authority_request.test_user_admin_build_remove_special_authority_request", "tests.group.test_group_request_builder.TestGroupRequestBuilder.test_group_admin_build_extract_group_request_base_omvs.test_group_admin_build_extract_group_request_base_omvs", "tests.data_set.test_data_set_result_parser.TestDataSetResultParser.test_data_set_admin_can_parse_alter_data_set_error_xml.test_data_set_admin_can_parse_alter_data_set_error_xml", "tests.setropts.test_setropts_result_parser.TestSetroptsResultParser.test_setropts_admin_can_parse_list_setropts_success_2_xml.test_setropts_admin_can_parse_list_setropts_success_2_xml", "tests.group.test_group_debug_logging.TestGroupDebugLogging.test_extract_group_base_omvs_request_debug_log_works_on_success.test_extract_group_base_omvs_request_debug_log_works_on_success", "tests.setropts.test_setropts_setters.TestSetroptsSetters.test_setropts_admin_build_remove_audit_class_request.test_setropts_admin_build_remove_audit_class_request", "tests.data_set.test_data_set_getters.TestDataSetGetters.test_data_set_admin_get_universal_access_raises_an_exception_when_extract_fails.test_data_set_admin_get_universal_access_raises_an_exception_when_extract_fails", "tests.access.test_access_request_builder.TestAccessRequestBuilder.test_access_admin_build_add_access_request.test_access_admin_build_add_access_request", "tests.user.test_user_getters.TestUserGetters.test_user_admin_has_operations_authority_returns_true_when_attribute_exists.test_user_admin_has_operations_authority_returns_true_when_attribute_exists", "tests.setropts.test_setropts_setters.TestSetroptsSetters.test_setropts_admin_build_remove_statistics_class_request.test_setropts_admin_build_remove_statistics_class_request", "tests.data_set.test_data_set_debug_logging.TestDataSetDebugLogging.test_add_data_set_request_debug_log_works_on_success.test_add_data_set_request_debug_log_works_on_success", "tests.connection.test_connection_debug_logging.TestConnectionDebugLogging.test_add_connection_request_debug_log_works_on_error.test_add_connection_request_debug_log_works_on_error", "tests.connection.test_connection_setters.TestConnectionSetters.test_connection_admin_build_give_group_operations_authority_request.test_connection_admin_build_give_group_operations_authority_request", "tests.setropts.test_setropts_setters.TestSetroptsSetters.test_setropts_admin_build_add_raclist_class_request.test_setropts_admin_build_add_raclist_class_request", "tests.setropts.test_setropts_setters.TestSetroptsSetters.test_setropts_admin_build_remove_global_access_class_request.test_setropts_admin_build_remove_global_access_class_request", "tests.connection.test_connection_setters.TestConnectionSetters.test_connection_admin_build_give_group_special_request.test_connection_admin_build_give_group_special_request", "tests.group.test_group_result_parser.TestGroupResultParser.test_group_admin_can_parse_add_group_error_xml.test_group_admin_can_parse_add_group_error_xml", "tests.connection.test_connection_setters.TestConnectionSetters.test_connection_admin_build_take_away_group_special_authority_request.test_connection_admin_build_take_away_group_special_authority_request", "tests.resource.test_resource_request_builder.TestResourceRequestBuilder.test_resource_admin_build_delete_resource_request.test_resource_admin_build_delete_resource_request", "tests.connection.test_connection_result_parser.TestConnectionResultParser.test_connection_admin_can_parse_add_connection_success_xml.test_connection_admin_can_parse_add_connection_success_xml", "tests.group.test_group_result_parser.TestGroupResultParser.test_group_admin_can_parse_add_group_success_xml.test_group_admin_can_parse_add_group_success_xml", "tests.connection.test_connection_request_builder.TestConnectionRequestBuilder.test_connection_admin_build_alter_connection_request.test_connection_admin_build_alter_connection_request", "tests.resource.test_resource_debug_logging.TestResourceDebugLogging.test_add_resource_request_debug_log_works_on_success.test_add_resource_request_debug_log_works_on_success", "tests.setropts.test_setropts_setters.TestSetroptsSetters.test_setropts_admin_build_remove_generic_command_processing_class_request.test_setropts_admin_build_remove_generic_command_processing_class_request", "tests.connection.test_connection_setters.TestConnectionSetters.test_connection_admin_build_set_group_access_attribute_request.test_connection_admin_build_set_group_access_attribute_request", "tests.resource.test_resource_debug_logging.TestResourceDebugLogging.test_extract_resource_base_request_debug_log_works_on_error.test_extract_resource_base_request_debug_log_works_on_error", "tests.data_set.test_data_set_debug_logging.TestDataSetDebugLogging.test_add_data_set_request_debug_log_works_on_error.test_add_data_set_request_debug_log_works_on_error", "tests.user.test_user_request_builder.TestUserRequestBuilder.test_user_admin_build_delete_user_request.test_user_admin_build_delete_user_request", "tests.setropts.test_setropts_getters.TestSetroptsGetters.test_setropts_admin_get_password_rules_raises_an_exception_when_extract_fails.test_setropts_admin_get_password_rules_raises_an_exception_when_extract_fails", "tests.data_set.test_data_set_result_parser.TestDataSetResultParser.test_data_set_admin_can_parse_add_data_set_error_xml.test_data_set_admin_can_parse_add_data_set_error_xml", "tests.connection.test_connection_result_parser.TestConnectionResultParser.test_connection_admin_can_parse_delete_connection_success_xml.test_connection_admin_can_parse_delete_connection_success_xml", "tests.user.test_user_result_parser.TestUserResultParser.test_user_admin_can_parse_alter_user_success_xml.test_user_admin_can_parse_alter_user_success_xml", "tests.resource.test_resource_debug_logging.TestResourceDebugLogging.test_add_resource_request_debug_log_works_on_error.test_add_resource_request_debug_log_works_on_error", "tests.group.test_group_getters.TestGroupGetters.test_group_admin_get_omvs_gid_raises_an_exception_when_extract_fails.test_group_admin_get_omvs_gid_raises_an_exception_when_extract_fails", "tests.group.test_group_getters.TestGroupGetters.test_group_admin_has_group_auditor_authority_returns_false_when_not_group_auditor.test_group_admin_has_group_auditor_authority_returns_false_when_not_group_auditor", "tests.user.test_user_getters.TestUserGetters.test_user_admin_has_operations_authority_returns_false_when_attribute_does_not_exist.test_user_admin_has_operations_authority_returns_false_when_attribute_does_not_exist", "tests.user.test_user_result_parser.TestUserResultParser.test_user_admin_passphrase_redacted_add_user_success_xml.test_user_admin_passphrase_redacted_add_user_success_xml", "tests.setropts.test_setropts_debug_logging.TestSetroptsDebugLogging.test_list_racf_options_request_debug_log_works_on_success.test_list_racf_options_request_debug_log_works_on_success", "tests.access.test_access_result_parser.TestAccessResultParser.test_access_admin_can_parse_delete_access_error_xml.test_access_admin_can_parse_delete_access_error_xml", "tests.setropts.test_setropts_debug_logging.TestSetroptsDebugLogging.test_alter_setropts_request_debug_log_works_on_error.test_alter_setropts_request_debug_log_works_on_error", "tests.data_set.test_data_set_getters.TestDataSetGetters.test_data_set_admin_get_universal_access_returns_valid_when_read.test_data_set_admin_get_universal_access_returns_valid_when_read", "tests.setropts.test_setropts_result_parser.TestSetroptsResultParser.test_setropts_admin_can_parse_add_setropts_error_xml.test_setropts_admin_can_parse_add_setropts_error_xml", "tests.user.test_user_setters.TestUserSetters.test_user_admin_build_add_class_authorizations_single_class_request.test_user_admin_build_add_class_authorizations_single_class_request", "tests.connection.test_connection_request_builder.TestConnectionRequestBuilder.test_connection_admin_build_delete_connection_request.test_connection_admin_build_delete_connection_request", "tests.user.test_user_setters.TestUserSetters.test_user_admin_build_remove_operations_authority_request.test_user_admin_build_remove_operations_authority_request", "tests.data_set.test_data_set_request_builder.TestDataSetRequestBuilder.test_data_set_admin_build_delete_dataset_request.test_data_set_admin_build_delete_dataset_request", "tests.group.test_group_getters.TestGroupGetters.test_group_admin_has_group_special_authority_returns_true_when_group_special.test_group_admin_has_group_special_authority_returns_true_when_group_special", "tests.resource.test_resource_result_parser.TestResourceResultParser.test_resource_admin_can_parse_extract_resource_base_error_xml.test_resource_admin_can_parse_extract_resource_base_error_xml", "tests.data_set.test_data_set_result_parser.TestDataSetResultParser.test_data_set_admin_can_parse_extract_data_set_base_success_xml.test_data_set_admin_can_parse_extract_data_set_base_success_xml", "tests.data_set.test_data_set_setters.TestDataSetSetters.test_data_set_admin_build_set_uacc_request.test_data_set_admin_build_set_uacc_request", "tests.user.test_user_result_parser.TestUserResultParser.test_user_admin_password_message_not_redacted_add_user_success_xml.test_user_admin_password_message_not_redacted_add_user_success_xml", "tests.user.test_user_debug_logging.TestUserDebugLogging.test_extract_user_base_omvs_request_debug_log_works_on_error.test_extract_user_base_omvs_request_debug_log_works_on_error", "tests.user.test_user_result_parser.TestUserResultParser.test_user_admin_passphrase_redacted_add_user_error_xml.test_user_admin_passphrase_redacted_add_user_error_xml", "tests.data_set.test_data_set_result_parser.TestDataSetResultParser.test_data_set_admin_can_parse_delete_data_set_success_xml.test_data_set_admin_can_parse_delete_data_set_success_xml", "tests.user.test_user_setters.TestUserSetters.test_user_admin_build_remove_class_authorizations_single_class_request.test_user_admin_build_remove_class_authorizations_single_class_request", "tests.user.test_user_setters.TestUserSetters.test_user_admin_build_set_password_request.test_user_admin_build_set_password_request", "tests.resource.test_resource_result_parser.TestResourceResultParser.test_resource_admin_can_parse_alter_resource_success_xml.test_resource_admin_can_parse_alter_resource_success_xml", "tests.user.test_user_result_parser.TestUserResultParser.test_user_admin_can_parse_extract_user_base_omvs_error_xml.test_user_admin_can_parse_extract_user_base_omvs_error_xml", "tests.data_set.test_data_set_request_builder.TestDataSetRequestBuilder.test_data_set_admin_build_extract_data_set_request_base.test_data_set_admin_build_extract_data_set_request_base", "tests.group.test_group_result_parser.TestGroupResultParser.test_group_admin_can_parse_alter_group_error_xml.test_group_admin_can_parse_alter_group_error_xml", "tests.group.test_group_getters.TestGroupGetters.test_group_admin_has_group_access_attribute_raises_an_exception_when_extract_fails.test_group_admin_has_group_access_attribute_raises_an_exception_when_extract_fails", "tests.resource.test_resource_request_builder.TestResourceRequestBuilder.test_resource_admin_build_add_resource_request.test_resource_admin_build_add_resource_request", "tests.connection.test_connection_setters.TestConnectionSetters.test_connection_admin_build_take_away_group_auditor_authority_request.test_connection_admin_build_take_away_group_auditor_authority_request", "tests.setropts.test_setropts_request_builder.TestSetroptsRequestBuilder.test_setropts_admin_build_alter_setropts_request.test_setropts_admin_build_alter_setropts_request", "tests.data_set.test_data_set_getters.TestDataSetGetters.test_data_set_admin_get_my_access_raises_an_exception_when_extract_fails.test_data_set_admin_get_my_access_raises_an_exception_when_extract_fails", "tests.group.test_group_getters.TestGroupGetters.test_group_admin_has_group_auditor_authority_returns_true_when_group_auditor.test_group_admin_has_group_auditor_authority_returns_true_when_group_auditor", "tests.group.test_group_result_parser.TestGroupResultParser.test_group_admin_can_parse_alter_group_success_xml.test_group_admin_can_parse_alter_group_success_xml", "tests.group.test_group_getters.TestGroupGetters.test_group_admin_has_group_operations_authority_returns_false_when_not_group_operations.test_group_admin_has_group_operations_authority_returns_false_when_not_group_operations", "tests.setropts.test_setropts_result_parser.TestSetroptsResultParser.test_setropts_admin_can_parse_list_setropts_success_3_xml.test_setropts_admin_can_parse_list_setropts_success_3_xml", "tests.access.test_access_result_parser.TestAccessResultParser.test_access_admin_can_parse_add_access_error_xml.test_access_admin_can_parse_add_access_error_xml", "tests.group.test_group_result_parser.TestGroupResultParser.test_group_admin_can_parse_extract_group_base_omvs_error_xml.test_group_admin_can_parse_extract_group_base_omvs_error_xml", "tests.access.test_access_result_parser.TestAccessResultParser.test_access_admin_can_parse_alter_access_success_xml.test_access_admin_can_parse_alter_access_success_xml", "tests.setropts.test_setropts_getters.TestSetroptsGetters.test_setropts_admin_get_class_attributes.test_setropts_admin_get_class_attributes", "tests.user.test_user_getters.TestUserGetters.test_user_admin_get_omvs_uid_raises_an_exception_when_extract_fails.test_user_admin_get_omvs_uid_raises_an_exception_when_extract_fails", "tests.data_set.test_data_set_debug_logging.TestDataSetDebugLogging.test_extract_data_set_base_request_debug_log_works_on_success.test_extract_data_set_base_request_debug_log_works_on_success", "tests.resource.test_resource_request_builder.TestResourceRequestBuilder.test_resource_admin_build_alter_resource_request.test_resource_admin_build_alter_resource_request", "tests.connection.test_connection_request_builder.TestConnectionRequestBuilder.test_connection_admin_build_add_connection_request.test_connection_admin_build_add_connection_request", "tests.user.test_user_result_parser.TestUserResultParser.test_user_admin_can_parse_alter_user_error_xml.test_user_admin_can_parse_alter_user_error_xml", "tests.setropts.test_setropts_result_parser.TestSetroptsResultParser.test_setropts_admin_can_parse_alter_setropts_success_xml.test_setropts_admin_can_parse_alter_setropts_success_xml", "tests.group.test_group_request_builder.TestGroupRequestBuilder.test_group_admin_build_alter_group_request.test_group_admin_build_alter_group_request", "tests.resource.test_resource_setters.TestResourceSetters.test_resource_admin_build_set_universal_access_request.test_resource_admin_build_set_universal_access_request", "tests.data_set.test_data_set_getters.TestDataSetGetters.test_data_set_admin_get_my_access_returns_valid_when_none.test_data_set_admin_get_my_access_returns_valid_when_none", "tests.data_set.test_data_set_request_builder.TestDataSetRequestBuilder.test_data_set_admin_build_extract_data_set_request_generic_base.test_data_set_admin_build_extract_data_set_request_generic_base", "tests.setropts.test_setropts_debug_logging.TestSetroptsDebugLogging.test_list_racf_options_request_debug_log_works_on_success_3.test_list_racf_options_request_debug_log_works_on_success_3", "tests.data_set.test_data_set_request_builder.TestDataSetRequestBuilder.test_data_set_admin_build_alter_data_set_request.test_data_set_admin_build_alter_data_set_request", "tests.user.test_user_getters.TestUserGetters.test_user_admin_has_special_authority_raises_an_exception_when_extract_fails.test_user_admin_has_special_authority_raises_an_exception_when_extract_fails", "tests.setropts.test_setropts_getters.TestSetroptsGetters.test_setropts_admin_get_class_attributes_raises_an_exception_when_extract_fails.test_setropts_admin_get_class_attributes_raises_an_exception_when_extract_fails", "tests.setropts.test_setropts_setters.TestSetroptsSetters.test_setropts_admin_build_add_generic_profile_sharing_class_request.test_setropts_admin_build_add_generic_profile_sharing_class_request", "tests.data_set.test_data_set_result_parser.TestDataSetResultParser.test_data_set_admin_can_parse_extract_data_set_base_error_xml.test_data_set_admin_can_parse_extract_data_set_base_error_xml", "tests.user.test_user_setters.TestUserSetters.test_user_admin_build_remove_auditor_authority_request.test_user_admin_build_remove_auditor_authority_request", "tests.user.test_user_setters.TestUserSetters.test_user_admin_build_set_class_authorizations_request.test_user_admin_build_set_class_authorizations_request", "tests.group.test_group_getters.TestGroupGetters.test_group_admin_has_group_access_attribute_returns_false_when_not_grpacc.test_group_admin_has_group_access_attribute_returns_false_when_not_grpacc", "tests.user.test_user_setters.TestUserSetters.test_user_admin_build_give_operations_authority_request.test_user_admin_build_give_operations_authority_request", "tests.user.test_user_getters.TestUserGetters.test_user_admin_get_omvs_uid_returns_none_when_no_omvs_segment_exists.test_user_admin_get_omvs_uid_returns_none_when_no_omvs_segment_exists", "tests.resource.test_resource_result_parser.TestResourceResultParser.test_resource_admin_can_parse_extract_resource_base_success_xml.test_resource_admin_can_parse_extract_resource_base_success_xml", "tests.user.test_user_request_builder.TestUserRequestBuilder.test_user_admin_build_alter_request_replace_existing_segment_traits.test_user_admin_build_alter_request_replace_existing_segment_traits", "tests.access.test_access_result_parser.TestAccessResultParser.test_access_admin_can_parse_alter_access_error_xml.test_access_admin_can_parse_alter_access_error_xml", "tests.connection.test_connection_setters.TestConnectionSetters.test_connection_admin_build_remove_group_access_attribute.test_connection_admin_build_remove_group_access_attribute", "tests.group.test_group_result_parser.TestGroupResultParser.test_group_admin_can_parse_delete_group_success_xml.test_group_admin_can_parse_delete_group_success_xml", "tests.group.test_group_debug_logging.TestGroupDebugLogging.test_add_group_request_debug_log_works_on_success.test_add_group_request_debug_log_works_on_success", "tests.setropts.test_setropts_setters.TestSetroptsSetters.test_setropts_admin_build_refresh_raclist_request.test_setropts_admin_build_refresh_raclist_request", "tests.user.test_user_setters.TestUserSetters.test_user_admin_build_remove_class_authorizations_multiple_classes_request.test_user_admin_build_remove_class_authorizations_multiple_classes_request", "tests.connection.test_connection_result_parser.TestConnectionResultParser.test_connection_admin_can_parse_add_connection_error_xml.test_connection_admin_can_parse_add_connection_error_xml", "tests.data_set.test_data_set_debug_logging.TestDataSetDebugLogging.test_extract_data_set_base_request_debug_log_works_on_error.test_extract_data_set_base_request_debug_log_works_on_error", "tests.group.test_group_getters.TestGroupGetters.test_group_admin_has_group_operations_authority_returns_true_when_group_operations.test_group_admin_has_group_operations_authority_returns_true_when_group_operations", "tests.group.test_group_request_builder.TestGroupRequestBuilder.test_group_admin_build_delete_group_request.test_group_admin_build_delete_group_request", "tests.data_set.test_data_set_result_parser.TestDataSetResultParser.test_data_set_admin_can_parse_add_data_set_success_xml.test_data_set_admin_can_parse_add_data_set_success_xml", "tests.user.test_user_setters.TestUserSetters.test_user_admin_build_set_class_authorizations_no_existinsg_class_authorizations_request.test_user_admin_build_set_class_authorizations_no_existinsg_class_authorizations_request", "tests.setropts.test_setropts_setters.TestSetroptsSetters.test_setropts_admin_build_add_global_access_class_request.test_setropts_admin_build_add_global_access_class_request", "tests.resource.test_resource_getters.TestResourceGetters.test_resource_admin_get_universal_access_returns_valid_when_none.test_resource_admin_get_universal_access_returns_valid_when_none", "tests.setropts.test_setropts_setters.TestSetroptsSetters.test_setropts_admin_build_add_active_class_request.test_setropts_admin_build_add_active_class_request"], "language": "python", "test_command": "source /saved/ENV || source /saved/*/ENV && /opt/hostedtoolcache/Python/3.11.13/x64/bin/python3 /app/repo/unittest_loader_no_traceback.py ./tests ;", "test_output_parser": "python/parse_log_unittest", "image_storage_uri": "vmvm-registry.fbinfra.net/repomate_image_activ_python_unittest/ambitus_pyracf:d873cdaf989be36e447225ff18d309019c51d7d5", "patch": "", "test_patch": "", "hints_text": ""}
